This is pdfTeX, Version 3.14159265-2.6-1.40.19 (TeX Live 2019/dev/Debian) (preloaded format=pdflatex 2019.6.7)  28 OCT 2019 20:56
entering extended mode
 restricted \write18 enabled.
 %&-line parsing enabled.
**planety.tex
(./planety.tex
LaTeX2e <2018-12-01>
(/usr/share/texlive/texmf-dist/tex/latex/base/article.cls
Document Class: article 2018/09/03 v1.4i Standard LaTeX document class
(/usr/share/texlive/texmf-dist/tex/latex/base/size10.clo
File: size10.clo 2018/09/03 v1.4i Standard LaTeX file (size option)
)
\c@part=\count80
\c@section=\count81
\c@subsection=\count82
\c@subsubsection=\count83
\c@paragraph=\count84
\c@subparagraph=\count85
\c@figure=\count86
\c@table=\count87
\abovecaptionskip=\skip41
\belowcaptionskip=\skip42
\bibindent=\dimen102
)
(/usr/share/texlive/texmf-dist/tex/latex/base/inputenc.sty
Package: inputenc 2018/08/11 v1.3c Input encoding file
\inpenc@prehook=\toks14
\inpenc@posthook=\toks15
)
(/usr/share/texlive/texmf-dist/tex/latex/amsmath/amsmath.sty
Package: amsmath 2018/12/01 v2.17b AMS math features
\@mathmargin=\skip43

For additional information on amsmath, use the `?' option.
(/usr/share/texlive/texmf-dist/tex/latex/amsmath/amstext.sty
Package: amstext 2000/06/29 v2.01 AMS text

(/usr/share/texlive/texmf-dist/tex/latex/amsmath/amsgen.sty
File: amsgen.sty 1999/11/30 v2.0 generic functions
\@emptytoks=\toks16
\ex@=\dimen103
))
(/usr/share/texlive/texmf-dist/tex/latex/amsmath/amsbsy.sty
Package: amsbsy 1999/11/29 v1.2d Bold Symbols
\pmbraise@=\dimen104
)
(/usr/share/texlive/texmf-dist/tex/latex/amsmath/amsopn.sty
Package: amsopn 2016/03/08 v2.02 operator names
)
\inf@bad=\count88
LaTeX Info: Redefining \frac on input line 223.
\uproot@=\count89
\leftroot@=\count90
LaTeX Info: Redefining \overline on input line 385.
\classnum@=\count91
\DOTSCASE@=\count92
LaTeX Info: Redefining \ldots on input line 482.
LaTeX Info: Redefining \dots on input line 485.
LaTeX Info: Redefining \cdots on input line 606.
\Mathstrutbox@=\box27
\strutbox@=\box28
\big@size=\dimen105
LaTeX Font Info:    Redeclaring font encoding OML on input line 729.
LaTeX Font Info:    Redeclaring font encoding OMS on input line 730.
\macc@depth=\count93
\c@MaxMatrixCols=\count94
\dotsspace@=\muskip10
\c@parentequation=\count95
\dspbrk@lvl=\count96
\tag@help=\toks17
\row@=\count97
\column@=\count98
\maxfields@=\count99
\andhelp@=\toks18
\eqnshift@=\dimen106
\alignsep@=\dimen107
\tagshift@=\dimen108
\tagwidth@=\dimen109
\totwidth@=\dimen110
\lineht@=\dimen111
\@envbody=\toks19
\multlinegap=\skip44
\multlinetaggap=\skip45
\mathdisplay@stack=\toks20
LaTeX Info: Redefining \[ on input line 2844.
LaTeX Info: Redefining \] on input line 2845.
)
(/usr/share/texlive/texmf-dist/tex/latex/geometry/geometry.sty
Package: geometry 2018/04/16 v5.8 Page Geometry

(/usr/share/texlive/texmf-dist/tex/latex/graphics/keyval.sty
Package: keyval 2014/10/28 v1.15 key=value parser (DPC)
\KV@toks@=\toks21
)
(/usr/share/texlive/texmf-dist/tex/generic/oberdiek/ifpdf.sty
Package: ifpdf 2018/09/07 v3.3 Provides the ifpdf switch
)
(/usr/share/texlive/texmf-dist/tex/generic/oberdiek/ifvtex.sty
Package: ifvtex 2016/05/16 v1.6 Detect VTeX and its facilities (HO)
Package ifvtex Info: VTeX not detected.
)
(/usr/share/texlive/texmf-dist/tex/generic/ifxetex/ifxetex.sty
Package: ifxetex 2010/09/12 v0.6 Provides ifxetex conditional
)
\Gm@cnth=\count100
\Gm@cntv=\count101
\c@Gm@tempcnt=\count102
\Gm@bindingoffset=\dimen112
\Gm@wd@mp=\dimen113
\Gm@odd@mp=\dimen114
\Gm@even@mp=\dimen115
\Gm@layoutwidth=\dimen116
\Gm@layoutheight=\dimen117
\Gm@layouthoffset=\dimen118
\Gm@layoutvoffset=\dimen119
\Gm@dimlist=\toks22
)
(/usr/share/texlive/texmf-dist/tex/latex/graphics/graphicx.sty
Package: graphicx 2017/06/01 v1.1a Enhanced LaTeX Graphics (DPC,SPQR)

(/usr/share/texlive/texmf-dist/tex/latex/graphics/graphics.sty
Package: graphics 2017/06/25 v1.2c Standard LaTeX Graphics (DPC,SPQR)

(/usr/share/texlive/texmf-dist/tex/latex/graphics/trig.sty
Package: trig 2016/01/03 v1.10 sin cos tan (DPC)
)
(/usr/share/texlive/texmf-dist/tex/latex/graphics-cfg/graphics.cfg
File: graphics.cfg 2016/06/04 v1.11 sample graphics configuration
)
Package graphics Info: Driver file: pdftex.def on input line 99.

(/usr/share/texlive/texmf-dist/tex/latex/graphics-def/pdftex.def
File: pdftex.def 2018/01/08 v1.0l Graphics/color driver for pdftex
))
\Gin@req@height=\dimen120
\Gin@req@width=\dimen121
)
(/usr/share/texlive/texmf-dist/tex/latex/amsfonts/amsfonts.sty
Package: amsfonts 2013/01/14 v3.01 Basic AMSFonts support
\symAMSa=\mathgroup4
\symAMSb=\mathgroup5
LaTeX Font Info:    Overwriting math alphabet `\mathfrak' in version `bold'
(Font)                  U/euf/m/n --> U/euf/b/n on input line 106.
)
(/usr/share/texlive/texmf-dist/tex/latex/amsfonts/amssymb.sty
Package: amssymb 2013/01/14 v3.01 AMS font symbols
)
(/usr/share/texlive/texmf-dist/tex/latex/hyperref/hyperref.sty
Package: hyperref 2018/11/30 v6.88e Hypertext links for LaTeX

(/usr/share/texlive/texmf-dist/tex/generic/oberdiek/hobsub-hyperref.sty
Package: hobsub-hyperref 2016/05/16 v1.14 Bundle oberdiek, subset hyperref (HO)


(/usr/share/texlive/texmf-dist/tex/generic/oberdiek/hobsub-generic.sty
Package: hobsub-generic 2016/05/16 v1.14 Bundle oberdiek, subset generic (HO)
Package: hobsub 2016/05/16 v1.14 Construct package bundles (HO)
Package: infwarerr 2016/05/16 v1.4 Providing info/warning/error messages (HO)
Package: ltxcmds 2016/05/16 v1.23 LaTeX kernel commands for general use (HO)
Package: ifluatex 2016/05/16 v1.4 Provides the ifluatex switch (HO)
Package ifluatex Info: LuaTeX not detected.
Package hobsub Info: Skipping package `ifvtex' (already loaded).
Package: intcalc 2016/05/16 v1.2 Expandable calculations with integers (HO)
Package hobsub Info: Skipping package `ifpdf' (already loaded).
Package: etexcmds 2016/05/16 v1.6 Avoid name clashes with e-TeX commands (HO)
Package: kvsetkeys 2016/05/16 v1.17 Key value parser (HO)
Package: kvdefinekeys 2016/05/16 v1.4 Define keys (HO)
Package: pdftexcmds 2018/09/10 v0.29 Utility functions of pdfTeX for LuaTeX (HO
)
Package pdftexcmds Info: LuaTeX not detected.
Package pdftexcmds Info: \pdf@primitive is available.
Package pdftexcmds Info: \pdf@ifprimitive is available.
Package pdftexcmds Info: \pdfdraftmode found.
Package: pdfescape 2016/05/16 v1.14 Implements pdfTeX's escape features (HO)
Package: bigintcalc 2016/05/16 v1.4 Expandable calculations on big integers (HO
)
Package: bitset 2016/05/16 v1.2 Handle bit-vector datatype (HO)
Package: uniquecounter 2016/05/16 v1.3 Provide unlimited unique counter (HO)
)
Package hobsub Info: Skipping package `hobsub' (already loaded).
Package: letltxmacro 2016/05/16 v1.5 Let assignment for LaTeX macros (HO)
Package: hopatch 2016/05/16 v1.3 Wrapper for package hooks (HO)
Package: xcolor-patch 2016/05/16 xcolor patch
Package: atveryend 2016/05/16 v1.9 Hooks at the very end of document (HO)
Package atveryend Info: \enddocument detected (standard20110627).
Package: atbegshi 2016/06/09 v1.18 At begin shipout hook (HO)
Package: refcount 2016/05/16 v3.5 Data extraction from label references (HO)
Package: hycolor 2016/05/16 v1.8 Color options for hyperref/bookmark (HO)
)
(/usr/share/texlive/texmf-dist/tex/latex/oberdiek/auxhook.sty
Package: auxhook 2016/05/16 v1.4 Hooks for auxiliary files (HO)
)
(/usr/share/texlive/texmf-dist/tex/latex/oberdiek/kvoptions.sty
Package: kvoptions 2016/05/16 v3.12 Key value format for package options (HO)
)
\@linkdim=\dimen122
\Hy@linkcounter=\count103
\Hy@pagecounter=\count104

(/usr/share/texlive/texmf-dist/tex/latex/hyperref/pd1enc.def
File: pd1enc.def 2018/11/30 v6.88e Hyperref: PDFDocEncoding definition (HO)
Now handling font encoding PD1 ...
... no UTF-8 mapping file for font encoding PD1
)
\Hy@SavedSpaceFactor=\count105

(/usr/share/texlive/texmf-dist/tex/latex/latexconfig/hyperref.cfg
File: hyperref.cfg 2002/06/06 v1.2 hyperref configuration of TeXLive
)
Package hyperref Info: Hyper figures OFF on input line 4519.
Package hyperref Info: Link nesting OFF on input line 4524.
Package hyperref Info: Hyper index ON on input line 4527.
Package hyperref Info: Plain pages OFF on input line 4534.
Package hyperref Info: Backreferencing OFF on input line 4539.
Package hyperref Info: Implicit mode ON; LaTeX internals redefined.
Package hyperref Info: Bookmarks ON on input line 4772.
\c@Hy@tempcnt=\count106

(/usr/share/texlive/texmf-dist/tex/latex/url/url.sty
\Urlmuskip=\muskip11
Package: url 2013/09/16  ver 3.4  Verb mode for urls, etc.
)
LaTeX Info: Redefining \url on input line 5125.
\XeTeXLinkMargin=\dimen123
\Fld@menulength=\count107
\Field@Width=\dimen124
\Fld@charsize=\dimen125
Package hyperref Info: Hyper figures OFF on input line 6380.
Package hyperref Info: Link nesting OFF on input line 6385.
Package hyperref Info: Hyper index ON on input line 6388.
Package hyperref Info: backreferencing OFF on input line 6395.
Package hyperref Info: Link coloring OFF on input line 6400.
Package hyperref Info: Link coloring with OCG OFF on input line 6405.
Package hyperref Info: PDF/A mode OFF on input line 6410.
LaTeX Info: Redefining \ref on input line 6450.
LaTeX Info: Redefining \pageref on input line 6454.
\Hy@abspage=\count108
\c@Item=\count109
\c@Hfootnote=\count110
)
Package hyperref Info: Driver (autodetected): hpdftex.

(/usr/share/texlive/texmf-dist/tex/latex/hyperref/hpdftex.def
File: hpdftex.def 2018/11/30 v6.88e Hyperref driver for pdfTeX
\Fld@listcount=\count111
\c@bookmark@seq@number=\count112

(/usr/share/texlive/texmf-dist/tex/latex/oberdiek/rerunfilecheck.sty
Package: rerunfilecheck 2016/05/16 v1.8 Rerun checks for auxiliary files (HO)
Package uniquecounter Info: New unique counter `rerunfilecheck' on input line 2
82.
)
\Hy@SectionHShift=\skip46
)
Package hyperref Info: Option `colorlinks' set `true' on input line 13.

(/usr/share/texlive/texmf-dist/tex/latex/base/fontenc.sty
Package: fontenc 2018/08/11 v2.0j Standard LaTeX package

(/usr/share/texlive/texmf-dist/tex/latex/base/t1enc.def
File: t1enc.def 2018/08/11 v2.0j Standard LaTeX file
LaTeX Font Info:    Redeclaring font encoding T1 on input line 48.
))
(/usr/share/texlive/texmf-dist/tex/latex/listings/listings.sty
\lst@mode=\count113
\lst@gtempboxa=\box29
\lst@token=\toks23
\lst@length=\count114
\lst@currlwidth=\dimen126
\lst@column=\count115
\lst@pos=\count116
\lst@lostspace=\dimen127
\lst@width=\dimen128
\lst@newlines=\count117
\lst@lineno=\count118
\lst@maxwidth=\dimen129

(/usr/share/texlive/texmf-dist/tex/latex/listings/lstmisc.sty
File: lstmisc.sty 2018/09/02 1.7 (Carsten Heinz)
\c@lstnumber=\count119
\lst@skipnumbers=\count120
\lst@framebox=\box30
)
(/usr/share/texlive/texmf-dist/tex/latex/listings/listings.cfg
File: listings.cfg 2018/09/02 1.7 listings configuration
))
Package: listings 2018/09/02 1.7 (Carsten Heinz)
 (./planety.aux

LaTeX Warning: Label `lst:code_direct' multiply defined.


LaTeX Warning: Label `schemat' multiply defined.


LaTeX Warning: Label `schemat' multiply defined.


LaTeX Warning: Label `lst:code_direct' multiply defined.


LaTeX Warning: Label `schemat' multiply defined.


LaTeX Warning: Label `schemat' multiply defined.


LaTeX Warning: Label `schemat' multiply defined.


LaTeX Warning: Label `lst:code_direct' multiply defined.


LaTeX Warning: Label `schemat' multiply defined.


LaTeX Warning: Label `schemat' multiply defined.


LaTeX Warning: Label `schemat' multiply defined.


LaTeX Warning: Label `schemat' multiply defined.


LaTeX Warning: Label `lst:code_direct' multiply defined.


LaTeX Warning: Label `lst:code_direct' multiply defined.


LaTeX Warning: Label `lst:code_direct' multiply defined.


LaTeX Warning: Label `lst:code_direct' multiply defined.

)
\openout1 = `planety.aux'.

LaTeX Font Info:    Checking defaults for OML/cmm/m/it on input line 21.
LaTeX Font Info:    ... okay on input line 21.
LaTeX Font Info:    Checking defaults for T1/cmr/m/n on input line 21.
LaTeX Font Info:    ... okay on input line 21.
LaTeX Font Info:    Checking defaults for OT1/cmr/m/n on input line 21.
LaTeX Font Info:    ... okay on input line 21.
LaTeX Font Info:    Checking defaults for OMS/cmsy/m/n on input line 21.
LaTeX Font Info:    ... okay on input line 21.
LaTeX Font Info:    Checking defaults for OMX/cmex/m/n on input line 21.
LaTeX Font Info:    ... okay on input line 21.
LaTeX Font Info:    Checking defaults for U/cmr/m/n on input line 21.
LaTeX Font Info:    ... okay on input line 21.
LaTeX Font Info:    Checking defaults for PD1/pdf/m/n on input line 21.
LaTeX Font Info:    ... okay on input line 21.

*geometry* driver: auto-detecting
*geometry* detected driver: pdftex
*geometry* verbose mode - [ preamble ] result:
* driver: pdftex
* paper: a4paper
* layout: <same size as paper>
* layoutoffset:(h,v)=(0.0pt,0.0pt)
* modes: 
* h-part:(L,W,R)=(90.3375pt, 416.83289pt, 90.3375pt)
* v-part:(T,H,B)=(90.3375pt, 664.37186pt, 90.3375pt)
* \paperwidth=597.50787pt
* \paperheight=845.04684pt
* \textwidth=416.83289pt
* \textheight=664.37186pt
* \oddsidemargin=18.0675pt
* \evensidemargin=18.0675pt
* \topmargin=-18.9325pt
* \headheight=12.0pt
* \headsep=25.0pt
* \topskip=10.0pt
* \footskip=30.0pt
* \marginparwidth=57.0pt
* \marginparsep=11.0pt
* \columnsep=10.0pt
* \skip\footins=9.0pt plus 4.0pt minus 2.0pt
* \hoffset=0.0pt
* \voffset=0.0pt
* \mag=1000
* \@twocolumnfalse
* \@twosidefalse
* \@mparswitchfalse
* \@reversemarginfalse
* (1in=72.27pt=25.4mm, 1cm=28.453pt)

(/usr/share/texlive/texmf-dist/tex/context/base/mkii/supp-pdf.mkii
[Loading MPS to PDF converter (version 2006.09.02).]
\scratchcounter=\count121
\scratchdimen=\dimen130
\scratchbox=\box31
\nofMPsegments=\count122
\nofMParguments=\count123
\everyMPshowfont=\toks24
\MPscratchCnt=\count124
\MPscratchDim=\dimen131
\MPnumerator=\count125
\makeMPintoPDFobject=\count126
\everyMPtoPDFconversion=\toks25
) (/usr/share/texlive/texmf-dist/tex/latex/oberdiek/epstopdf-base.sty
Package: epstopdf-base 2016/05/15 v2.6 Base part for package epstopdf

(/usr/share/texlive/texmf-dist/tex/latex/oberdiek/grfext.sty
Package: grfext 2016/05/16 v1.2 Manage graphics extensions (HO)
)
Package epstopdf-base Info: Redefining graphics rule for `.eps' on input line 4
38.
Package grfext Info: Graphics extension search list:
(grfext)             [.pdf,.png,.jpg,.mps,.jpeg,.jbig2,.jb2,.PDF,.PNG,.JPG,.JPE
G,.JBIG2,.JB2,.eps]
(grfext)             \AppendGraphicsExtensions on input line 456.

(/usr/share/texlive/texmf-dist/tex/latex/latexconfig/epstopdf-sys.cfg
File: epstopdf-sys.cfg 2010/07/13 v1.3 Configuration of (r)epstopdf for TeX Liv
e
))
\AtBeginShipoutBox=\box32

(/usr/share/texlive/texmf-dist/tex/latex/graphics/color.sty
Package: color 2016/07/10 v1.1e Standard LaTeX Color (DPC)

(/usr/share/texlive/texmf-dist/tex/latex/graphics-cfg/color.cfg
File: color.cfg 2016/01/02 v1.6 sample color configuration
)
Package color Info: Driver file: pdftex.def on input line 147.
)
Package hyperref Info: Link coloring ON on input line 21.

(/usr/share/texlive/texmf-dist/tex/latex/hyperref/nameref.sty
Package: nameref 2016/05/21 v2.44 Cross-referencing by name of section

(/usr/share/texlive/texmf-dist/tex/generic/oberdiek/gettitlestring.sty
Package: gettitlestring 2016/05/16 v1.5 Cleanup title references (HO)
)
\c@section@level=\count127
)
LaTeX Info: Redefining \ref on input line 21.
LaTeX Info: Redefining \pageref on input line 21.
LaTeX Info: Redefining \nameref on input line 21.

(./planety.out) (./planety.out)
\@outlinefile=\write3
\openout3 = `planety.out'.

\c@lstlisting=\count128
LaTeX Font Info:    Try loading font information for U+msa on input line 23.

(/usr/share/texlive/texmf-dist/tex/latex/amsfonts/umsa.fd
File: umsa.fd 2013/01/14 v3.01 AMS symbols A
)
LaTeX Font Info:    Try loading font information for U+msb on input line 23.

(/usr/share/texlive/texmf-dist/tex/latex/amsfonts/umsb.fd
File: umsb.fd 2013/01/14 v3.01 AMS symbols B
)
(/usr/share/texlive/texmf-dist/tex/latex/listings/lstlang1.sty
File: lstlang1.sty 2018/09/02 1.7 listings language file
)
LaTeX Font Info:    Try loading font information for OMS+cmr on input line 81.

(/usr/share/texlive/texmf-dist/tex/latex/base/omscmr.fd
File: omscmr.fd 2014/09/29 v2.5h Standard LaTeX font definitions
)
LaTeX Font Info:    Font shape `OMS/cmr/m/n' in size <8> not available
(Font)              Font shape `OMS/cmsy/m/n' tried instead on input line 81.
 [1

{/var/lib/texmf/fonts/map/pdftex/updmap/pdftex.map}]
<euler_orbit.png, id=55, 462.528pt x 346.896pt>
File: euler_orbit.png Graphic file (type png)
<use euler_orbit.png>
Package pdftex.def Info: euler_orbit.png  used on input line 92.
(pdftex.def)             Requested size: 375.14705pt x 281.3759pt.
<euler_energy.png, id=57, 462.528pt x 346.896pt>
File: euler_energy.png Graphic file (type png)
<use euler_energy.png>
Package pdftex.def Info: euler_energy.png  used on input line 102.
(pdftex.def)             Requested size: 375.14705pt x 281.3759pt.
<euler_energy_closeup.png, id=58, 946.737pt x 463.9734pt>
File: euler_energy_closeup.png Graphic file (type png)
<use euler_energy_closeup.png>
Package pdftex.def Info: euler_energy_closeup.png  used on input line 111.
(pdftex.def)             Requested size: 375.14705pt x 183.85155pt.
<verlet_orbit.png, id=59, 462.528pt x 346.896pt>
File: verlet_orbit.png Graphic file (type png)
<use verlet_orbit.png>
Package pdftex.def Info: verlet_orbit.png  used on input line 154.
(pdftex.def)             Requested size: 375.14705pt x 281.3759pt.
<verlet_energy.png, id=60, 462.528pt x 346.896pt>
File: verlet_energy.png Graphic file (type png)
<use verlet_energy.png>
Package pdftex.def Info: verlet_energy.png  used on input line 164.
(pdftex.def)             Requested size: 375.14705pt x 281.3759pt.
<verlet_energy_closeup.png, id=61, 946.737pt x 463.9734pt>
File: verlet_energy_closeup.png Graphic file (type png)
<use verlet_energy_closeup.png>
Package pdftex.def Info: verlet_energy_closeup.png  used on input line 175.
(pdftex.def)             Requested size: 375.14705pt x 183.85155pt.
 [2 <./euler_orbit.png>] [3 <./euler_energy.png> <./euler_energy_closeup.png>] 
[4 <./verlet_orbit.png>] [5 <./verlet_energy.png> <./verlet_energy_closeup.png>
]
<leapfrog_orbit.png, id=108, 462.528pt x 346.896pt>
File: leapfrog_orbit.png Graphic file (type png)
<use leapfrog_orbit.png>
Package pdftex.def Info: leapfrog_orbit.png  used on input line 212.
(pdftex.def)             Requested size: 375.14705pt x 281.3759pt.
<leapfrog_energy.png, id=109, 462.528pt x 346.896pt>
File: leapfrog_energy.png Graphic file (type png)
<use leapfrog_energy.png>
Package pdftex.def Info: leapfrog_energy.png  used on input line 222.
(pdftex.def)             Requested size: 375.14705pt x 281.3759pt.
<leapfrog_energy_closeup.png, id=110, 946.737pt x 463.9734pt>
File: leapfrog_energy_closeup.png Graphic file (type png)
<use leapfrog_energy_closeup.png>
Package pdftex.def Info: leapfrog_energy_closeup.png  used on input line 233.
(pdftex.def)             Requested size: 375.14705pt x 183.85155pt.
<osemka_chencinera.png, id=112, 462.528pt x 346.896pt>
File: osemka_chencinera.png Graphic file (type png)
<use osemka_chencinera.png>
Package pdftex.def Info: osemka_chencinera.png  used on input line 248.
(pdftex.def)             Requested size: 375.14705pt x 281.3759pt.
 [6 <./leapfrog_orbit.png>] [7 <./leapfrog_energy.png> <./leapfrog_energy_close
up.png>] [8 <./osemka_chencinera.png>]
Overfull \hbox (21.11694pt too wide) in paragraph at lines 304--306
[]\T1/cmr/m/n/10 Oryginalna praca Chencin-era http://emis.matem.unam.mx/journal
s/Annals/152_3/chencine.pdf 
 []

Package atveryend Info: Empty hook `BeforeClearDocument' on input line 308.
[9]
Package atveryend Info: Empty hook `AfterLastShipout' on input line 308.
 (./planety.aux)
Package atveryend Info: Executing hook `AtVeryEndDocument' on input line 308.
Package atveryend Info: Executing hook `AtEndAfterFileList' on input line 308.
Package rerunfilecheck Info: File `planety.out' has not changed.
(rerunfilecheck)             Checksum: D41D8CD98F00B204E9800998ECF8427E;0.


LaTeX Warning: There were multiply-defined labels.

Package atveryend Info: Empty hook `AtVeryVeryEnd' on input line 308.
 ) 
Here is how much of TeX's memory you used:
 8571 strings out of 494518
 119541 string characters out of 6176314
 408566 words of memory out of 5000000
 12010 multiletter control sequences out of 15000+600000
 20009 words of font info for 53 fonts, out of 8000000 for 9000
 36 hyphenation exceptions out of 8191
 28i,7n,40p,253b,1834s stack positions out of 5000i,500n,10000p,200000b,80000s
 </home/rafal/.texlive2018/texmf-var/fonts/pk/ljfour/jknappen/ec/ecrm0800.600
pk> </home/rafal/.texlive2018/texmf-var/fonts/pk/ljfour/jknappen/ec/ecbx1200.60
0pk> </home/rafal/.texlive2018/texmf-var/fonts/pk/ljfour/jknappen/ec/ecbx1000.6
00pk> </home/rafal/.texlive2018/texmf-var/fonts/pk/ljfour/jknappen/ec/ecrm1000.
600pk> </home/rafal/.texlive2018/texmf-var/fonts/pk/ljfour/jknappen/ec/ecbx1440
.600pk> </home/rafal/.texlive2018/texmf-var/fonts/pk/ljfour/jknappen/ec/ecrm120
0.600pk> </home/rafal/.texlive2018/texmf-var/fonts/pk/ljfour/jknappen/ec/ecbx17
28.600pk></usr/share/texlive/texmf-dist/fonts/type1/public/amsfonts/cm/cmex10.p
fb></usr/share/texlive/texmf-dist/fonts/type1/public/amsfonts/cm/cmmi10.pfb></u
sr/share/texlive/texmf-dist/fonts/type1/public/amsfonts/cm/cmmi7.pfb></usr/shar
e/texlive/texmf-dist/fonts/type1/public/amsfonts/cm/cmr10.pfb></usr/share/texli
ve/texmf-dist/fonts/type1/public/amsfonts/cm/cmr7.pfb></usr/share/texlive/texmf
-dist/fonts/type1/public/amsfonts/cm/cmsy10.pfb></usr/share/texlive/texmf-dist/
fonts/type1/public/amsfonts/cm/cmsy7.pfb></usr/share/texlive/texmf-dist/fonts/t
ype1/public/amsfonts/cm/cmsy8.pfb>
Output written on planety.pdf (9 pages, 486393 bytes).
PDF statistics:
 463 PDF objects out of 1000 (max. 8388607)
 227 compressed objects within 3 object streams
 123 named destinations out of 1000 (max. 500000)
 51 words of extra memory for PDF output out of 10000 (max. 10000000)

